<?xml version="1.0" encoding="UTF-8"?>
<testng-results ignored="0" total="2" passed="2" failed="0" skipped="0">
  <reporter-output>
  </reporter-output>
  <suite started-at="2021-12-19T11:56:11 IST" name="Docker Grid Run" finished-at="2021-12-19T11:56:21 IST" duration-ms="9956">
    <groups>
    </groups>
    <test started-at="2021-12-19T11:56:11 IST" name="Dropdown Tests" finished-at="2021-12-19T11:56:21 IST" duration-ms="9956">
      <class name="dropdowns.DropdownTests">
        <test-method is-config="true" signature="openBrowser()[pri:0, instance:dropdowns.DropdownTests@12b0404f]" started-at="2021-12-19T11:56:11 IST" name="openBrowser" finished-at="2021-12-19T11:56:20 IST" duration-ms="9201" status="PASS">
          <reporter-output>
          </reporter-output>
        </test-method> <!-- openBrowser -->
        <test-method is-config="true" signature="openBrowser()[pri:0, instance:dropdowns.DropdownTests@12b0404f]" started-at="2021-12-19T11:56:11 IST" name="openBrowser" finished-at="2021-12-19T11:56:15 IST" duration-ms="4395" status="PASS">
          <reporter-output>
          </reporter-output>
        </test-method> <!-- openBrowser -->
        <test-method signature="testDropdownMultiSelect()[pri:0, instance:dropdowns.DropdownTests@12b0404f]" started-at="2021-12-19T11:56:15 IST" name="testDropdownMultiSelect" finished-at="2021-12-19T11:56:16 IST" duration-ms="881" status="PASS">
          <reporter-output>
          </reporter-output>
        </test-method> <!-- testDropdownMultiSelect -->
        <test-method is-config="true" signature="closeBrowser()[pri:0, instance:dropdowns.DropdownTests@12b0404f]" started-at="2021-12-19T11:56:16 IST" name="closeBrowser" finished-at="2021-12-19T11:56:16 IST" duration-ms="80" status="PASS">
          <reporter-output>
          </reporter-output>
        </test-method> <!-- closeBrowser -->
        <test-method signature="testDropdownSelectedOption()[pri:0, instance:dropdowns.DropdownTests@12b0404f]" started-at="2021-12-19T11:56:20 IST" name="testDropdownSelectedOption" finished-at="2021-12-19T11:56:20 IST" duration-ms="595" status="PASS">
          <reporter-output>
          </reporter-output>
        </test-method> <!-- testDropdownSelectedOption -->
        <test-method is-config="true" signature="closeBrowser()[pri:0, instance:dropdowns.DropdownTests@12b0404f]" started-at="2021-12-19T11:56:20 IST" name="closeBrowser" finished-at="2021-12-19T11:56:21 IST" duration-ms="140" status="PASS">
          <reporter-output>
          </reporter-output>
        </test-method> <!-- closeBrowser -->
      </class> <!-- dropdowns.DropdownTests -->
    </test> <!-- Dropdown Tests -->
  </suite> <!-- Docker Grid Run -->
</testng-results>
